[2025-04-04T14:50:08.238Z] Error: Test d'erreur
    at D:\site-et-portfolio-perso\my-portfolio-app2025-backend\server.js:91:15
    at Layer.handle [as handle_request] (D:\site-et-portfolio-perso\my-portfolio-app2025-backend\node_modules\express\lib\router\layer.js:95:5)
    at next (D:\site-et-portfolio-perso\my-portfolio-app2025-backend\node_modules\express\lib\router\route.js:149:13)
    at Route.dispatch (D:\site-et-portfolio-perso\my-portfolio-app2025-backend\node_modules\express\lib\router\route.js:119:3)
    at Layer.handle [as handle_request] (D:\site-et-portfolio-perso\my-portfolio-app2025-backend\node_modules\express\lib\router\layer.js:95:5)
    at D:\site-et-portfolio-perso\my-portfolio-app2025-backend\node_modules\express\lib\router\index.js:284:15
    at Function.process_params (D:\site-et-portfolio-perso\my-portfolio-app2025-backend\node_modules\express\lib\router\index.js:346:12)
    at next (D:\site-et-portfolio-perso\my-portfolio-app2025-backend\node_modules\express\lib\router\index.js:280:10)
    at cors (D:\site-et-portfolio-perso\my-portfolio-app2025-backend\node_modules\cors\lib\index.js:188:7)
    at D:\site-et-portfolio-perso\my-portfolio-app2025-backend\node_modules\cors\lib\index.js:224:17
[2025-04-04T14:51:58.051Z] sending message - Error: Test d'erreur
    at D:\site-et-portfolio-perso\my-portfolio-app2025-backend\server.js:91:15
    at Layer.handle [as handle_request] (D:\site-et-portfolio-perso\my-portfolio-app2025-backend\node_modules\express\lib\router\layer.js:95:5)
    at next (D:\site-et-portfolio-perso\my-portfolio-app2025-backend\node_modules\express\lib\router\route.js:149:13)
    at Route.dispatch (D:\site-et-portfolio-perso\my-portfolio-app2025-backend\node_modules\express\lib\router\route.js:119:3)
    at Layer.handle [as handle_request] (D:\site-et-portfolio-perso\my-portfolio-app2025-backend\node_modules\express\lib\router\layer.js:95:5)
    at D:\site-et-portfolio-perso\my-portfolio-app2025-backend\node_modules\express\lib\router\index.js:284:15
    at Function.process_params (D:\site-et-portfolio-perso\my-portfolio-app2025-backend\node_modules\express\lib\router\index.js:346:12)
    at next (D:\site-et-portfolio-perso\my-portfolio-app2025-backend\node_modules\express\lib\router\index.js:280:10)
    at cors (D:\site-et-portfolio-perso\my-portfolio-app2025-backend\node_modules\cors\lib\index.js:188:7)
    at D:\site-et-portfolio-perso\my-portfolio-app2025-backend\node_modules\cors\lib\index.js:224:17
